0 info it worked if it ends with ok
1 verbose cli [ 'X:\\Program Files\\nodejs\\node.exe',
1 verbose cli   'X:\\Program Files\\nodejs\\node_modules\\npm\\bin\\npm-cli.js',
1 verbose cli   'run',
1 verbose cli   'build' ]
2 info using npm@3.8.9
3 info using node@v6.2.0
4 verbose run-script [ 'prebuild', 'build', 'postbuild' ]
5 info lifecycle bergnote@1.0.0~prebuild: bergnote@1.0.0
6 silly lifecycle bergnote@1.0.0~prebuild: no script for prebuild, continuing
7 info lifecycle bergnote@1.0.0~build: bergnote@1.0.0
8 verbose lifecycle bergnote@1.0.0~build: unsafe-perm in lifecycle true
9 verbose lifecycle bergnote@1.0.0~build: PATH: X:\Program Files\nodejs\node_modules\npm\bin\node-gyp-bin;X:\phpStudy\WWW\dist\node_modules\.bin;X:\Program Files\nodejs;X:\ProgramData\Oracle\Java\javapath;X:\WINDOWS\system32;X:\WINDOWS;X:\WINDOWS\System32\Wbem;X:\WINDOWS\System32\WindowsPowerShell\v1.0\;X:\Program Files (x86)\ATI Technologies\ATI.ACE\Core-Static;X:\Program Files\nodejs\;X:\Program Files\Java\jdk1.8.0_112\bin;X:\Program Files\Java\jdk1.8.0_112\jre\bin;X:\Program Files\Microsoft\Web Platform Installer\;x:\Program Files\Gitttt\cmd;X:\MongoDB\bin;X:\Users\gsk\AppData\Roaming\npm;X:\Users\gsk\AppData\Local\atom\bin;X:\Users\gsk\AppData\Local\Microsoft\WindowsApps;X:\MongoDB\bin
10 verbose lifecycle bergnote@1.0.0~build: CWD: X:\phpStudy\WWW\dist
11 silly lifecycle bergnote@1.0.0~build: Args: [ '/d /s /c', 'gulp build' ]
12 silly lifecycle bergnote@1.0.0~build: Returned: code: 1  signal: null
13 info lifecycle bergnote@1.0.0~build: Failed to exec build script
14 verbose stack Error: bergnote@1.0.0 build: `gulp build`
14 verbose stack Exit status 1
14 verbose stack     at EventEmitter.<anonymous> (X:\Program Files\nodejs\node_modules\npm\lib\utils\lifecycle.js:245:16)
14 verbose stack     at emitTwo (events.js:106:13)
14 verbose stack     at EventEmitter.emit (events.js:191:7)
14 verbose stack     at ChildProcess.<anonymous> (X:\Program Files\nodejs\node_modules\npm\lib\utils\spawn.js:24:14)
14 verbose stack     at emitTwo (events.js:106:13)
14 verbose stack     at ChildProcess.emit (events.js:191:7)
14 verbose stack     at maybeClose (internal/child_process.js:850:16)
14 verbose stack     at Process.ChildProcess._handle.onexit (internal/child_process.js:215:5)
15 verbose pkgid bergnote@1.0.0
16 verbose cwd X:\phpStudy\WWW\dist
17 error Windows_NT 10.0.14393
18 error argv "X:\\Program Files\\nodejs\\node.exe" "X:\\Program Files\\nodejs\\node_modules\\npm\\bin\\npm-cli.js" "run" "build"
19 error node v6.2.0
20 error npm  v3.8.9
21 error code ELIFECYCLE
22 error bergnote@1.0.0 build: `gulp build`
22 error Exit status 1
23 error Failed at the bergnote@1.0.0 build script 'gulp build'.
23 error Make sure you have the latest version of node.js and npm installed.
23 error If you do, this is most likely a problem with the bergnote package,
23 error not with npm itself.
23 error Tell the author that this fails on your system:
23 error     gulp build
23 error You can get information on how to open an issue for this project with:
23 error     npm bugs bergnote
23 error Or if that isn't available, you can get their info via:
23 error     npm owner ls bergnote
23 error There is likely additional logging output above.
24 verbose exit [ 1, true ]
